C:\Mohit\Sitecore\WebExperience\WebExperience\Angular\dist\out-tsc\src\app\app-routing.module.js
C:\Mohit\Sitecore\WebExperience\WebExperience\Angular\dist\out-tsc\src\app\app-routing.module.js.map
C:\Mohit\Sitecore\WebExperience\WebExperience\Angular\dist\out-tsc\src\app\asset.js
C:\Mohit\Sitecore\WebExperience\WebExperience\Angular\dist\out-tsc\src\app\asset.js.map
C:\Mohit\Sitecore\WebExperience\WebExperience\Angular\dist\out-tsc\src\app\asset-service.service.js
C:\Mohit\Sitecore\WebExperience\WebExperience\Angular\dist\out-tsc\src\app\asset-service.service.js.map
C:\Mohit\Sitecore\WebExperience\WebExperience\Angular\dist\out-tsc\src\app\app.component.js
C:\Mohit\Sitecore\WebExperience\WebExperience\Angular\dist\out-tsc\src\app\app.component.js.map
C:\Mohit\Sitecore\WebExperience\WebExperience\Angular\dist\out-tsc\src\app\app.module.js
C:\Mohit\Sitecore\WebExperience\WebExperience\Angular\dist\out-tsc\src\app\app.module.js.map
C:\Mohit\Sitecore\WebExperience\WebExperience\Angular\dist\out-tsc\src\environments\environment.js
C:\Mohit\Sitecore\WebExperience\WebExperience\Angular\dist\out-tsc\src\environments\environment.js.map
C:\Mohit\Sitecore\WebExperience\WebExperience\Angular\dist\out-tsc\src\main.js
C:\Mohit\Sitecore\WebExperience\WebExperience\Angular\dist\out-tsc\src\main.js.map
C:\Mohit\Sitecore\WebExperience\WebExperience\Angular\dist\out-tsc\src\polyfills.js
C:\Mohit\Sitecore\WebExperience\WebExperience\Angular\dist\out-tsc\src\polyfills.js.map
C:\Mohit\Sitecore\WebExperience\WebExperience\Angular\dist\out-tsc\src\test.js
C:\Mohit\Sitecore\WebExperience\WebExperience\Angular\dist\out-tsc\src\test.js.map
C:\Mohit\Sitecore\WebExperience\WebExperience\Angular\dist\out-tsc\e2e\src\app.po.js
C:\Mohit\Sitecore\WebExperience\WebExperience\Angular\dist\out-tsc\e2e\src\app.po.js.map
C:\Mohit\Sitecore\WebExperience\WebExperience\Angular\dist\out-tsc\e2e\src\app.e2e-spec.js
C:\Mohit\Sitecore\WebExperience\WebExperience\Angular\dist\out-tsc\e2e\src\app.e2e-spec.js.map
C:\Mohit\Sitecore\WebExperience\WebExperience\Angular\dist\out-tsc\src\app\app.component.spec.js
C:\Mohit\Sitecore\WebExperience\WebExperience\Angular\dist\out-tsc\src\app\app.component.spec.js.map
C:\Mohit\Sitecore\WebExperience\WebExperience\Angular\dist\out-tsc\src\app\asset-service.service.spec.js
C:\Mohit\Sitecore\WebExperience\WebExperience\Angular\dist\out-tsc\src\app\asset-service.service.spec.js.map
C:\Mohit\Sitecore\WebExperience\WebExperience\Angular\dist\out-tsc\src\app\asset.spec.js
C:\Mohit\Sitecore\WebExperience\WebExperience\Angular\dist\out-tsc\src\app\asset.spec.js.map
C:\Mohit\Sitecore\WebExperience\WebExperience\Angular\dist\out-tsc\src\environments\environment.prod.js
C:\Mohit\Sitecore\WebExperience\WebExperience\Angular\dist\out-tsc\src\environments\environment.prod.js.map
